#
# There is insufficient memory for the Java Runtime Environment to continue.
# Native memory allocation (mmap) failed to map 528482304 bytes. Error detail: G1 virtual space
# Possible reasons:
#   The system is out of physical RAM or swap space
#   This process is running with CompressedOops enabled, and the Java Heap may be blocking the growth of the native heap
# Possible solutions:
#   Reduce memory load on the system
#   Increase physical memory or swap space
#   Check if swap backing store is full
#   Decrease Java heap size (-Xmx/-Xms)
#   Decrease number of Java threads
#   Decrease Java thread stack sizes (-Xss)
#   Set larger code cache with -XX:ReservedCodeCacheSize=
#   JVM is running with Zero Based Compressed Oops mode in which the Java heap is
#     placed in the first 32GB address space. The Java Heap base address is the
#     maximum limit for the native heap growth. Please use -XX:HeapBaseMinAddress
#     to set the Java Heap base and to place the Java Heap above 32GB virtual address.
# This output file may be truncated or incomplete.
#
#  Out of Memory Error (os_windows.cpp:3564), pid=19584, tid=6368
#
# JRE version:  (24.0.2+12) (build )
# Java VM: Java HotSpot(TM) 64-Bit Server VM (24.0.2+12-54, mixed mode, sharing, tiered, compressed oops, compressed class ptrs, g1 gc, windows-amd64)
# No core dump will be written. Minidumps are not enabled by default on client versions of Windows
#

---------------  S U M M A R Y ------------

Command Line: -javaagent:C:\Program Files\JetBrains\IntelliJ IDEA Community Edition 2025.2.4\lib\idea_rt.jar=53309 -Dfile.encoding=UTF-8 -Dsun.stdout.encoding=UTF-8 -Dsun.stderr.encoding=UTF-8 Lab405

Host: Intel(R) Core(TM) Ultra 5 235, 14 cores, 31G,  Windows 11 , 64 bit Build 26100 (10.0.26100.7309)
Time: Tue Dec  9 14:10:11 2025 SE Asia Standard Time elapsed time: 1.140276 seconds (0d 0h 0m 1s)

---------------  T H R E A D  ---------------

Current thread (0x000001e22a56ada0):  JavaThread "Unknown thread" [_thread_in_vm, id=6368, stack(0x000000d3f6d00000,0x000000d3f6e00000) (1024K)]

Stack: [0x000000d3f6d00000,0x000000d3f6e00000]
Native frames: (J=compiled Java code, j=interpreted, Vv=VM code, C=native code)
V  [jvm.dll+0x730829]  (no source info available)
V  [jvm.dll+0x8d9da3]  (no source info available)
V  [jvm.dll+0x8dc28d]  (no source info available)
V  [jvm.dll+0x8dc903]  (no source info available)
V  [jvm.dll+0x2a9f56]  (no source info available)
V  [jvm.dll+0x72cd55]  (no source info available)
V  [jvm.dll+0x72066a]  (no source info available)
V  [jvm.dll+0x390b7a]  (no source info available)
V  [jvm.dll+0x398906]  (no source info available)
V  [jvm.dll+0x3850de]  (no source info available)
V  [jvm.dll+0x385398]  (no source info available)
V  [jvm.dll+0x35d10c]  (no source info available)
V  [jvm.dll+0x35ddcd]  (no source info available)
V  [jvm.dll+0x89d50f]  (no source info available)
V  [jvm.dll+0x3f979d]  (no source info available)
V  [jvm.dll+0x885b66]  (no source info available)
V  [jvm.dll+0x495e7e]  (no source info available)
V  [jvm.dll+0x497c51]  (no source info available)
C  [jli.dll+0x52a1]  (no source info available)
C  [ucrtbase.dll+0x37b0]  (no source info available)
C  [KERNEL32.DLL+0x2e8d7]  (no source info available)
C  [ntdll.dll+0x8c53c]  (no source info available)

Lock stack of current Java thread (top to bottom):


---------------  P R O C E S S  ---------------

Threads class SMR info:
_java_thread_list=0x00007ff82051f318, length=0, elements={
}

Java Threads: ( => current thread )
Total: 0

Other Threads:
  0x000001e22a6132e0 WorkerThread "GC Thread#0"                     [id=7840, stack(0x000000d3f6e00000,0x000000d3f6f00000) (1024K)]
  0x000001e22a627fe0 ConcurrentGCThread "G1 Main Marker"            [id=1936, stack(0x000000d3f6f00000,0x000000d3f7000000) (1024K)]
  0x000001e22a629660 WorkerThread "G1 Conc#0"                       [id=11708, stack(0x000000d3f7000000,0x000000d3f7100000) (1024K)]

[error occurred during error reporting (printing all threads), id 0xc0000005, EXCEPTION_ACCESS_VIOLATION (0xc0000005) at pc=0x00007ff81fc5138a]
VM state: not at safepoint (not fully initialized)

VM Mutex/Monitor currently owned by a thread:  ([mutex/lock_event])
[0x00007ff8205a45f0] Heap_lock - owner thread: 0x000001e22a56ada0

Heap address: 0x0000000608800000, size: 8056 MB, Compressed Oops mode: Zero based, Oop shift amount: 3

CDS archive(s) mapped at: [0x0000000000000000-0x0000000000000000-0x0000000000000000), size 0, SharedBaseAddress: 0x0000000800000000, ArchiveRelocationMode: 1.
UseCompressedClassPointers 1, UseCompactObjectHeaders 0
Narrow klass pointer bits 32, Max shift 3
Narrow klass base: 0xffffffffffffffff, Narrow klass shift: -1
Encoding Range: [0xffffffffffffffff - 0x000000007fffffff), (2147483648 bytes)
Klass Range:    [0x0000000000000000 - 0x0000000000000000), (0 bytes)
Klass ID Range:  [4294967295 - 0) (1)

GC Precious Log:
 CardTable entry size: 512
 Card Set container configuration: InlinePtr #cards 4 size 8 Array Of Cards #cards 32 size 80 Howl #buckets 8 coarsen threshold 7372 Howl Bitmap #cards 1024 size 144 coarsen threshold 921 Card regions per heap region 1 cards per card region 8192

Heap:
 garbage-first heap   total reserved 8249344K, committed 0K, used 0K [0x0000000608800000, 0x0000000800000000)
  region size 4096K, 0 young (0K), 0 survivors (0K)

[error occurred during error reporting (printing heap information), id 0xc0000005, EXCEPTION_ACCESS_VIOLATION (0xc0000005) at pc=0x00007ff82006e679]
GC Heap History (0 events):
No events

Dll operation events (1 events):
Event: 0.007 Loaded shared library C:\Program Files\Java\jdk-24\bin\java.dll

Deoptimization events (0 events):
No events

Classes loaded (0 events):
No events

Classes unloaded (0 events):
No events

Classes redefined (0 events):
No events

Internal exceptions (0 events):
No events

VM Operations (0 events):
No events

Memory protections (0 events):
No events

Nmethod flushes (0 events):
No events

Events (0 events):
No events


Dynamic libraries:
0x00007ff619ab0000 - 0x00007ff619ac0000 	C:\Program Files\Java\jdk-24\bin\java.exe
0x00007ff8a05e0000 - 0x00007ff8a0847000 	C:\WINDOWS\SYSTEM32\ntdll.dll
0x00007ff89e5e0000 - 0x00007ff89e6a9000 	C:\WINDOWS\System32\KERNEL32.DLL
0x00007ff89dcc0000 - 0x00007ff89e0af000 	C:\WINDOWS\System32\KERNELBASE.dll
0x00007ff89d960000 - 0x00007ff89daab000 	C:\WINDOWS\System32\ucrtbase.dll
0x00007ff883760000 - 0x00007ff88377b000 	C:\Program Files\Java\jdk-24\bin\VCRUNTIME140.dll
0x00007ff8819a0000 - 0x00007ff8819b6000 	C:\Program Files\Java\jdk-24\bin\jli.dll
0x00007ff89e380000 - 0x00007ff89e545000 	C:\WINDOWS\System32\USER32.dll
0x00007ff885850000 - 0x00007ff885ae3000 	C:\WINDOWS\WinSxS\amd64_microsoft.windows.common-controls_6595b64144ccf1df_6.0.26100.7309_none_3e05feeae336a044\COMCTL32.dll
0x00007ff89db60000 - 0x00007ff89db87000 	C:\WINDOWS\System32\win32u.dll
0x00007ff8a01e0000 - 0x00007ff8a020b000 	C:\WINDOWS\System32\GDI32.dll
0x00007ff8a04f0000 - 0x00007ff8a0599000 	C:\WINDOWS\System32\msvcrt.dll
0x00007ff89db90000 - 0x00007ff89dcbc000 	C:\WINDOWS\System32\gdi32full.dll
0x00007ff89dab0000 - 0x00007ff89db53000 	C:\WINDOWS\System32\msvcp_win.dll
0x00007ff89ea90000 - 0x00007ff89eac1000 	C:\WINDOWS\System32\IMM32.DLL
0x00007ff886ec0000 - 0x00007ff886ecc000 	C:\Program Files\Java\jdk-24\bin\vcruntime140_1.dll
0x00007ff86a530000 - 0x00007ff86a5be000 	C:\Program Files\Java\jdk-24\bin\msvcp140.dll
0x00007ff81f8e0000 - 0x00007ff820681000 	C:\Program Files\Java\jdk-24\bin\server\jvm.dll
0x00007ff89fc20000 - 0x00007ff89fcd4000 	C:\WINDOWS\System32\ADVAPI32.dll
0x00007ff89e6c0000 - 0x00007ff89e766000 	C:\WINDOWS\System32\sechost.dll
0x00007ff89e770000 - 0x00007ff89e888000 	C:\WINDOWS\System32\RPCRT4.dll
0x00007ff89f910000 - 0x00007ff89f984000 	C:\WINDOWS\System32\WS2_32.dll
0x00007ff89d020000 - 0x00007ff89d07e000 	C:\WINDOWS\SYSTEM32\POWRPROF.dll
0x00007ff896630000 - 0x00007ff89663b000 	C:\WINDOWS\SYSTEM32\VERSION.dll
0x00007ff8974e0000 - 0x00007ff897515000 	C:\WINDOWS\SYSTEM32\WINMM.dll
0x00007ff89d000000 - 0x00007ff89d014000 	C:\WINDOWS\SYSTEM32\UMPDC.dll
0x00007ff89c4a0000 - 0x00007ff89c4bb000 	C:\WINDOWS\SYSTEM32\kernel.appcore.dll
0x00007ff885f80000 - 0x00007ff885f8a000 	C:\Program Files\Java\jdk-24\bin\jimage.dll
0x00007ff89ad00000 - 0x00007ff89af42000 	C:\WINDOWS\SYSTEM32\DBGHELP.DLL
0x00007ff89edf0000 - 0x00007ff89f176000 	C:\WINDOWS\System32\combase.dll
0x00007ff89ed10000 - 0x00007ff89ede6000 	C:\WINDOWS\System32\OLEAUT32.dll
0x00007ff884c10000 - 0x00007ff884c4c000 	C:\WINDOWS\SYSTEM32\dbgcore.DLL
0x00007ff89e2d0000 - 0x00007ff89e375000 	C:\WINDOWS\System32\bcryptPrimitives.dll
0x00007ff885840000 - 0x00007ff88584f000 	C:\Program Files\Java\jdk-24\bin\instrument.dll
0x00007ff881980000 - 0x00007ff88199e000 	C:\Program Files\Java\jdk-24\bin\java.dll
0x00007ff89e8f0000 - 0x00007ff89ea87000 	C:\WINDOWS\System32\ole32.dll
0x00007ff89f1b0000 - 0x00007ff89f903000 	C:\WINDOWS\System32\SHELL32.dll
0x00007ff89d7f0000 - 0x00007ff89d95a000 	C:\WINDOWS\System32\wintypes.dll

JVMTI agents:
C:\Program Files\JetBrains\IntelliJ IDEA Community Edition 2025.2.4\lib\idea_rt.jar path:none, loaded, not initialized, instrumentlib options:53309

dbghelp: loaded successfully - version: 4.0.5 - missing functions: none
symbol engine: initialized successfully - sym options: 0x614 - pdb path: .;C:\Program Files\Java\jdk-24\bin;C:\WINDOWS\SYSTEM32;C:\WINDOWS\WinSxS\amd64_microsoft.windows.common-controls_6595b64144ccf1df_6.0.26100.7309_none_3e05feeae336a044;C:\Program Files\Java\jdk-24\bin\server

VM Arguments:
jvm_args: -javaagent:C:\Program Files\JetBrains\IntelliJ IDEA Community Edition 2025.2.4\lib\idea_rt.jar=53309 -Dfile.encoding=UTF-8 -Dsun.stdout.encoding=UTF-8 -Dsun.stderr.encoding=UTF-8 
java_command: Lab405
java_class_path (initial): C:\Users\admin\Documents\2513110102\Labsheet04\out\production\Labsheet04
Launcher Type: SUN_STANDARD

[Global flags]
     intx CICompilerCount                          = 4                                         {product} {ergonomic}
     uint ConcGCThreads                            = 3                                         {product} {ergonomic}
     uint G1ConcRefinementThreads                  = 11                                        {product} {ergonomic}
   size_t G1HeapRegionSize                         = 4194304                                   {product} {ergonomic}
   size_t InitialHeapSize                          = 528482304                                 {product} {ergonomic}
   size_t MarkStackSize                            = 4194304                                   {product} {ergonomic}
   size_t MarkStackSizeMax                         = 536870912                                 {product} {ergonomic}
   size_t MaxHeapSize                              = 8447328256                                {product} {ergonomic}
   size_t MinHeapDeltaBytes                        = 4194304                                   {product} {ergonomic}
   size_t MinHeapSize                              = 8388608                                   {product} {ergonomic}
    uintx NonNMethodCodeHeapSize                   = 5832704                                {pd product} {ergonomic}
    uintx NonProfiledCodeHeapSize                  = 122945536                              {pd product} {ergonomic}
    uintx ProfiledCodeHeapSize                     = 122880000                              {pd product} {ergonomic}
    uintx ReservedCodeCacheSize                    = 251658240                              {pd product} {ergonomic}
     bool SegmentedCodeCache                       = true                                      {product} {ergonomic}
   size_t SoftMaxHeapSize                          = 8447328256                             {manageable} {ergonomic}
     bool UseCompressedOops                        = true                           {product lp64_product} {ergonomic}
     bool UseG1GC                                  = true                                      {product} {ergonomic}
     bool UseLargePagesIndividualAllocation        = false                                  {pd product} {ergonomic}

Logging:
Log output configuration:
 #0: stdout all=warning uptime,level,tags foldmultilines=false
 #1: stderr all=off uptime,level,tags foldmultilines=false

Environment Variables:
PATH=C:\Program Files\Python313\Scripts\;C:\Program Files\Python313\;C:\Program Files\Common Files\Oracle\Java\javapath;C:\Program Files (x86)\Common Files\Oracle\Java\java8path;C:\Program Files (x86)\Common Files\Oracle\Java\javapath;C:\app\admin\product\18.0.0\dbhomeXE\bin;C:\WINDOWS\system32;C:\WINDOWS;C:\WINDOWS\System32\Wbem;C:\WINDOWS\System32\WindowsPowerShell\v1.0\;C:\WINDOWS\System32\OpenSSH\;C:\Program Files\dotnet\;C:\Program Files\NVIDIA Corporation\NVIDIA App\NvDLISR;C:\xampp\php;C:\ProgramData\ComposerSetup\bin;C:\Program Files\nodejs\;C:\ProgramData\chocolatey\bin;C:\Program Files\Microsoft VS Code\bin;C:\Program Files (x86)\Windows Kits\10\Windows Performance Toolkit\;C:\Program Files\Git\cmd;C:\Users\admin\AppData\Local\Microsoft\WindowsApps;C:\Users\admin\AppData\Roaming\Composer\vendor\bin;C:\Users\admin\AppData\Roaming\npm;C:\Users\admin\.dotnet\tools
USERNAME=admin
OS=Windows_NT
PROCESSOR_IDENTIFIER=Intel64 Family 6 Model 198 Stepping 2, GenuineIntel
TMP=C:\Users\admin\AppData\Local\Temp
TEMP=C:\Users\admin\AppData\Local\Temp




Periodic native trim disabled

---------------  S Y S T E M  ---------------

OS:
 Windows 11 , 64 bit Build 26100 (10.0.26100.7309)
OS uptime: 5 days 3:36 hours
Hyper-V role detected

CPU: total 14 (initial active 14) (14 cores per cpu, 1 threads per core) family 6 model 198 stepping 2 microcode 0x118, cx8, cmov, fxsr, mmx, 3dnowpref, sse, sse2, sse3, ssse3, sse4.1, sse4.2, popcnt, lzcnt, tsc, tscinvbit, avx, avx2, aes, erms, clmul, bmi1, bmi2, adx, sha, fma, vzeroupper, clflush, clflushopt, clwb, hv, serialize, rdtscp, rdpid, fsrm, gfni, f16c, cet_ibt, cet_ss, avx_ifma, sha512
Processor Information for processor 0
  Max Mhz: 3400, Current Mhz: 3400, Mhz Limit: 3400
Processor Information for processor 1
  Max Mhz: 3400, Current Mhz: 3400, Mhz Limit: 3400
Processor Information for processor 2
  Max Mhz: 2900, Current Mhz: 2900, Mhz Limit: 2900
Processor Information for processor 3
  Max Mhz: 2900, Current Mhz: 2900, Mhz Limit: 2900
Processor Information for processor 4
  Max Mhz: 2900, Current Mhz: 2900, Mhz Limit: 2900
Processor Information for processor 5
  Max Mhz: 2900, Current Mhz: 2900, Mhz Limit: 2900
Processor Information for processor 6
  Max Mhz: 2900, Current Mhz: 2900, Mhz Limit: 2900
Processor Information for processor 7
  Max Mhz: 2900, Current Mhz: 2900, Mhz Limit: 2900
Processor Information for processor 8
  Max Mhz: 2900, Current Mhz: 2900, Mhz Limit: 2900
Processor Information for processor 9
  Max Mhz: 2900, Current Mhz: 2900, Mhz Limit: 2900
Processor Information for processor 10
  Max Mhz: 3400, Current Mhz: 3400, Mhz Limit: 3400
Processor Information for processor 11
  Max Mhz: 3400, Current Mhz: 3400, Mhz Limit: 3400
Processor Information for processor 12
  Max Mhz: 3400, Current Mhz: 3400, Mhz Limit: 3400
Processor Information for processor 13
  Max Mhz: 3400, Current Mhz: 3400, Mhz Limit: 3400

Memory: 4k page, system-wide physical 32210M (10316M free)
TotalPageFile size 130514M (AvailPageFile size 204M)
current process WorkingSet (physical memory assigned to process): 14M, peak: 14M
current process commit charge ("private bytes"): 67M, peak: 571M

vm_info: Java HotSpot(TM) 64-Bit Server VM (24.0.2+12-54) for windows-amd64 JRE (24.0.2+12-54), built on 2025-07-08T12:10:27Z with MS VC++ 17.6 (VS2022)

END.
